<?xml version='1.0' encoding='UTF-8'?>
<testsuite hostname="Samins-MacBook-Pro.local" name="org.argus.amandroid.summary.model.IntentFilterSuTest" tests="50" errors="0" failures="0" skipped="0" time="0.034" timestamp="2021-04-10T02:33:08">
                     <properties>
[...]
</properties>
                     <testcase classname="org.argus.amandroid.summary.model.IntentFilterSuTest" name="&lt;clinit&gt;:()V should produce as expected" time="0.001">
                                                 
                                               </testcase><testcase classname="org.argus.amandroid.summary.model.IntentFilterSuTest" name="&lt;init&gt;:()V should produce as expected" time="0.001">
                                                 
                                               </testcase><testcase classname="org.argus.amandroid.summary.model.IntentFilterSuTest" name="&lt;init&gt;:(Landroid/content/IntentFilter;)V should produce as expected" time="0.001">
                                                 
                                               </testcase><testcase classname="org.argus.amandroid.summary.model.IntentFilterSuTest" name="&lt;init&gt;:(Ljava/lang/String;)V should produce as expected" time="0.001">
                                                 
                                               </testcase><testcase classname="org.argus.amandroid.summary.model.IntentFilterSuTest" name="&lt;init&gt;:(Ljava/lang/String;Ljava/lang/String;)V should produce as expected" time="0.004">
                                                 
                                               </testcase><testcase classname="org.argus.amandroid.summary.model.IntentFilterSuTest" name="actionsIterator:()Ljava/util/Iterator; should produce as expected" time="0.002">
                                                 
                                               </testcase><testcase classname="org.argus.amandroid.summary.model.IntentFilterSuTest" name="addAction:(Ljava/lang/String;)V should produce as expected" time="0.0">
                                                 
                                               </testcase><testcase classname="org.argus.amandroid.summary.model.IntentFilterSuTest" name="addCategory:(Ljava/lang/String;)V should produce as expected" time="0.0">
                                                 
                                               </testcase><testcase classname="org.argus.amandroid.summary.model.IntentFilterSuTest" name="addDataAuthority:(Ljava/lang/String;Ljava/lang/String;)V should produce as expected" time="0.001">
                                                 
                                               </testcase><testcase classname="org.argus.amandroid.summary.model.IntentFilterSuTest" name="addDataPath:(Ljava/lang/String;I)V should produce as expected" time="0.001">
                                                 
                                               </testcase><testcase classname="org.argus.amandroid.summary.model.IntentFilterSuTest" name="addDataScheme:(Ljava/lang/String;)V should produce as expected" time="0.001">
                                                 
                                               </testcase><testcase classname="org.argus.amandroid.summary.model.IntentFilterSuTest" name="addDataType:(Ljava/lang/String;)V should produce as expected" time="0.0">
                                                 
                                               </testcase><testcase classname="org.argus.amandroid.summary.model.IntentFilterSuTest" name="authoritiesIterator:()Ljava/util/Iterator; should produce as expected" time="0.001">
                                                 
                                               </testcase><testcase classname="org.argus.amandroid.summary.model.IntentFilterSuTest" name="categoriesIterator:()Ljava/util/Iterator; should produce as expected" time="0.001">
                                                 
                                               </testcase><testcase classname="org.argus.amandroid.summary.model.IntentFilterSuTest" name="countActions:()I should produce as expected" time="0.0">
                                                 
                                               </testcase><testcase classname="org.argus.amandroid.summary.model.IntentFilterSuTest" name="countCategories:()I should produce as expected" time="0.0">
                                                 
                                               </testcase><testcase classname="org.argus.amandroid.summary.model.IntentFilterSuTest" name="countDataAuthorities:()I should produce as expected" time="0.001">
                                                 
                                               </testcase><testcase classname="org.argus.amandroid.summary.model.IntentFilterSuTest" name="countDataPaths:()I should produce as expected" time="0.0">
                                                 
                                               </testcase><testcase classname="org.argus.amandroid.summary.model.IntentFilterSuTest" name="countDataSchemes:()I should produce as expected" time="0.0">
                                                 
                                               </testcase><testcase classname="org.argus.amandroid.summary.model.IntentFilterSuTest" name="countDataTypes:()I should produce as expected" time="0.0">
                                                 
                                               </testcase><testcase classname="org.argus.amandroid.summary.model.IntentFilterSuTest" name="create:(Ljava/lang/String;Ljava/lang/String;)Landroid/content/IntentFilter; should produce as expected" time="0.002">
                                                 
                                               </testcase><testcase classname="org.argus.amandroid.summary.model.IntentFilterSuTest" name="debugCheck:()Z should produce as expected" time="0.0">
                                                 
                                               </testcase><testcase classname="org.argus.amandroid.summary.model.IntentFilterSuTest" name="describeContents:()I should produce as expected" time="0.001">
                                                 
                                               </testcase><testcase classname="org.argus.amandroid.summary.model.IntentFilterSuTest" name="dump:(Landroid/util/Printer;Ljava/lang/String;)V should produce as expected" time="0.0">
                                                 
                                               </testcase><testcase classname="org.argus.amandroid.summary.model.IntentFilterSuTest" name="getAction:(I)Ljava/lang/String; should produce as expected" time="0.001">
                                                 
                                               </testcase><testcase classname="org.argus.amandroid.summary.model.IntentFilterSuTest" name="getCategory:(I)Ljava/lang/String; should produce as expected" time="0.001">
                                                 
                                               </testcase><testcase classname="org.argus.amandroid.summary.model.IntentFilterSuTest" name="getDataAuthority:(I)Landroid/content/IntentFilter$AuthorityEntry; should produce as expected" time="0.001">
                                                 
                                               </testcase><testcase classname="org.argus.amandroid.summary.model.IntentFilterSuTest" name="getDataPath:(I)Landroid/os/PatternMatcher; should produce as expected" time="0.001">
                                                 
                                               </testcase><testcase classname="org.argus.amandroid.summary.model.IntentFilterSuTest" name="getDataScheme:(I)Ljava/lang/String; should produce as expected" time="0.001">
                                                 
                                               </testcase><testcase classname="org.argus.amandroid.summary.model.IntentFilterSuTest" name="getDataType:(I)Ljava/lang/String; should produce as expected" time="0.001">
                                                 
                                               </testcase><testcase classname="org.argus.amandroid.summary.model.IntentFilterSuTest" name="getPriority:()I should produce as expected" time="0.0">
                                                 
                                               </testcase><testcase classname="org.argus.amandroid.summary.model.IntentFilterSuTest" name="hasAction:(Ljava/lang/String;)Z should produce as expected" time="0.0">
                                                 
                                               </testcase><testcase classname="org.argus.amandroid.summary.model.IntentFilterSuTest" name="hasCategory:(Ljava/lang/String;)Z should produce as expected" time="0.001">
                                                 
                                               </testcase><testcase classname="org.argus.amandroid.summary.model.IntentFilterSuTest" name="hasDataAuthority:(Landroid/net/Uri;)Z should produce as expected" time="0.0">
                                                 
                                               </testcase><testcase classname="org.argus.amandroid.summary.model.IntentFilterSuTest" name="hasDataPath:(Ljava/lang/String;)Z should produce as expected" time="0.0">
                                                 
                                               </testcase><testcase classname="org.argus.amandroid.summary.model.IntentFilterSuTest" name="hasDataScheme:(Ljava/lang/String;)Z should produce as expected" time="0.0">
                                                 
                                               </testcase><testcase classname="org.argus.amandroid.summary.model.IntentFilterSuTest" name="hasDataType:(Ljava/lang/String;)Z should produce as expected" time="0.001">
                                                 
                                               </testcase><testcase classname="org.argus.amandroid.summary.model.IntentFilterSuTest" name="match:(Landroid/content/ContentResolver;Landroid/content/Intent;ZLjava/lang/String;)I should produce as expected" time="0.0">
                                                 
                                               </testcase><testcase classname="org.argus.amandroid.summary.model.IntentFilterSuTest" name="match:(Ljava/lang/String;Ljava/lang/String;Ljava/lang/String;Landroid/net/Uri;Ljava/util/Set;Ljava/lang/String;)I should produce as expected" time="0.0">
                                                 
                                               </testcase><testcase classname="org.argus.amandroid.summary.model.IntentFilterSuTest" name="matchAction:(Ljava/lang/String;)Z should produce as expected" time="0.001">
                                                 
                                               </testcase><testcase classname="org.argus.amandroid.summary.model.IntentFilterSuTest" name="matchCategories:(Ljava/util/Set;)Ljava/lang/String; should produce as expected" time="0.001">
                                                 
                                               </testcase><testcase classname="org.argus.amandroid.summary.model.IntentFilterSuTest" name="matchData:(Ljava/lang/String;Ljava/lang/String;Landroid/net/Uri;)I should produce as expected" time="0.0">
                                                 
                                               </testcase><testcase classname="org.argus.amandroid.summary.model.IntentFilterSuTest" name="matchDataAuthority:(Landroid/net/Uri;)I should produce as expected" time="0.0">
                                                 
                                               </testcase><testcase classname="org.argus.amandroid.summary.model.IntentFilterSuTest" name="pathsIterator:()Ljava/util/Iterator; should produce as expected" time="0.001">
                                                 
                                               </testcase><testcase classname="org.argus.amandroid.summary.model.IntentFilterSuTest" name="readFromXml:(Lorg/xmlpull/v1/XmlPullParser;)V should produce as expected" time="0.0">
                                                 
                                               </testcase><testcase classname="org.argus.amandroid.summary.model.IntentFilterSuTest" name="schemesIterator:()Ljava/util/Iterator; should produce as expected" time="0.001">
                                                 
                                               </testcase><testcase classname="org.argus.amandroid.summary.model.IntentFilterSuTest" name="setPriority:(I)V should produce as expected" time="0.001">
                                                 
                                               </testcase><testcase classname="org.argus.amandroid.summary.model.IntentFilterSuTest" name="typesIterator:()Ljava/util/Iterator; should produce as expected" time="0.001">
                                                 
                                               </testcase><testcase classname="org.argus.amandroid.summary.model.IntentFilterSuTest" name="writeToParcel:(Landroid/os/Parcel;I)V should produce as expected" time="0.0">
                                                 
                                               </testcase><testcase classname="org.argus.amandroid.summary.model.IntentFilterSuTest" name="writeToXml:(Lorg/xmlpull/v1/XmlSerializer;)V should produce as expected" time="0.001">
                                                 
                                               </testcase>
                     <system-out><![CDATA[]]></system-out>
                     <system-err><![CDATA[]]></system-err>
                   </testsuite>