<?xml version='1.0' encoding='UTF-8'?>
<testsuite hostname="Samins-MacBook-Pro.local" name="org.argus.amandroid.core.dedex.LocalTypeResolverTest" tests="27" errors="0" failures="0" skipped="0" time="6.313" timestamp="2021-04-10T02:33:02">
                     <properties>
[...]
</properties>
                     <testcase classname="org.argus.amandroid.core.dedex.LocalTypeResolverTest" name="Resolve local type should get same result on ArrayAccess1" time="0.888">
                                                 
                                               </testcase><testcase classname="org.argus.amandroid.core.dedex.LocalTypeResolverTest" name="Resolve local type should get same result on ArrayAccess2" time="0.164">
                                                 
                                               </testcase><testcase classname="org.argus.amandroid.core.dedex.LocalTypeResolverTest" name="Resolve local type should get same result on ArrayAccess3" time="0.189">
                                                 
                                               </testcase><testcase classname="org.argus.amandroid.core.dedex.LocalTypeResolverTest" name="Resolve local type should get same result on ArrayCopy" time="0.123">
                                                 
                                               </testcase><testcase classname="org.argus.amandroid.core.dedex.LocalTypeResolverTest" name="Resolve local type should get same result on ArrayFill1" time="0.123">
                                                 
                                               </testcase><testcase classname="org.argus.amandroid.core.dedex.LocalTypeResolverTest" name="Resolve local type should get same result on ArrayFill2" time="0.116">
                                                 
                                               </testcase><testcase classname="org.argus.amandroid.core.dedex.LocalTypeResolverTest" name="Resolve local type should get same result on ArrayLength1" time="0.032">
                                                 
                                               </testcase><testcase classname="org.argus.amandroid.core.dedex.LocalTypeResolverTest" name="Resolve local type should get same result on Cmp1" time="0.036">
                                                 
                                               </testcase><testcase classname="org.argus.amandroid.core.dedex.LocalTypeResolverTest" name="Resolve local type should get same result on Cmp2" time="0.035">
                                                 
                                               </testcase><testcase classname="org.argus.amandroid.core.dedex.LocalTypeResolverTest" name="Resolve local type should get same result on ConstClass1" time="0.03">
                                                 
                                               </testcase><testcase classname="org.argus.amandroid.core.dedex.LocalTypeResolverTest" name="Resolve local type should get same result on ConstClass2" time="0.028">
                                                 
                                               </testcase><testcase classname="org.argus.amandroid.core.dedex.LocalTypeResolverTest" name="Resolve local type should get same result on DoubleLong1" time="0.089">
                                                 
                                               </testcase><testcase classname="org.argus.amandroid.core.dedex.LocalTypeResolverTest" name="Resolve local type should get same result on Exceptions1" time="0.213">
                                                 
                                               </testcase><testcase classname="org.argus.amandroid.core.dedex.LocalTypeResolverTest" name="Resolve local type should get same result on Exceptions2" time="0.159">
                                                 
                                               </testcase><testcase classname="org.argus.amandroid.core.dedex.LocalTypeResolverTest" name="Resolve local type should get same result on Exceptions3" time="0.113">
                                                 
                                               </testcase><testcase classname="org.argus.amandroid.core.dedex.LocalTypeResolverTest" name="Resolve local type should throw an exception on Exceptions4" time="0.098">
                                                 
                                               </testcase><testcase classname="org.argus.amandroid.core.dedex.LocalTypeResolverTest" name="Resolve local type should get same result on FieldAccess1" time="0.161">
                                                 
                                               </testcase><testcase classname="org.argus.amandroid.core.dedex.LocalTypeResolverTest" name="Resolve local type should get same result on FieldAccess2" time="0.138">
                                                 
                                               </testcase><testcase classname="org.argus.amandroid.core.dedex.LocalTypeResolverTest" name="Resolve local type should get same result on InstanceOf1" time="0.016">
                                                 
                                               </testcase><testcase classname="org.argus.amandroid.core.dedex.LocalTypeResolverTest" name="Resolve local type should get same result on InstanceOf2" time="0.053">
                                                 
                                               </testcase><testcase classname="org.argus.amandroid.core.dedex.LocalTypeResolverTest" name="Resolve local type should get same result on IfJump1" time="0.029">
                                                 
                                               </testcase><testcase classname="org.argus.amandroid.core.dedex.LocalTypeResolverTest" name="Resolve local type should get same result on IfJump2" time="0.03">
                                                 
                                               </testcase><testcase classname="org.argus.amandroid.core.dedex.LocalTypeResolverTest" name="Resolve local type should get same result on SwitchJump1" time="0.046">
                                                 
                                               </testcase><testcase classname="org.argus.amandroid.core.dedex.LocalTypeResolverTest" name="Resolve local type should get same result on SwitchJump2" time="0.068">
                                                 
                                               </testcase><testcase classname="org.argus.amandroid.core.dedex.LocalTypeResolverTest" name="dex should produce expected code" time="0.863">
                                                 
                                               </testcase><testcase classname="org.argus.amandroid.core.dedex.LocalTypeResolverTest" name="dex should produce expected code" time="1.388">
                                                 
                                               </testcase><testcase classname="org.argus.amandroid.core.dedex.LocalTypeResolverTest" name="odex should produce expected code" time="1.085">
                                                 
                                               </testcase>
                     <system-out><![CDATA[]]></system-out>
                     <system-err><![CDATA[]]></system-err>
                   </testsuite>