<?xml version='1.0' encoding='UTF-8'?>
<testsuite hostname="Samins-MacBook-Pro.local" name="org.argus.jawa.flow.summary.model.StringSuTest" tests="96" errors="0" failures="0" skipped="0" time="0.43" timestamp="2021-04-10T02:33:11">
                     <properties>
[...]
</properties>
                     <testcase classname="org.argus.jawa.flow.summary.model.StringSuTest" name="&lt;clinit&gt;:()V should produce as expected" time="0.065">
                                                 
                                               </testcase><testcase classname="org.argus.jawa.flow.summary.model.StringSuTest" name="&lt;init&gt;:()V should produce as expected" time="0.004">
                                                 
                                               </testcase><testcase classname="org.argus.jawa.flow.summary.model.StringSuTest" name="&lt;init&gt;:(II[C)V should produce as expected" time="0.015">
                                                 
                                               </testcase><testcase classname="org.argus.jawa.flow.summary.model.StringSuTest" name="&lt;init&gt;:(Ljava/lang/String;)V should produce as expected" time="0.003">
                                                 
                                               </testcase><testcase classname="org.argus.jawa.flow.summary.model.StringSuTest" name="&lt;init&gt;:(Ljava/lang/String;C)V should produce as expected" time="0.002">
                                                 
                                               </testcase><testcase classname="org.argus.jawa.flow.summary.model.StringSuTest" name="&lt;init&gt;:(Ljava/lang/String;I)V should produce as expected" time="0.003">
                                                 
                                               </testcase><testcase classname="org.argus.jawa.flow.summary.model.StringSuTest" name="&lt;init&gt;:(Ljava/lang/String;Ljava/lang/String;)V should produce as expected" time="0.004">
                                                 
                                               </testcase><testcase classname="org.argus.jawa.flow.summary.model.StringSuTest" name="&lt;init&gt;:(Ljava/lang/String;Ljava/lang/String;Ljava/lang/String;)V should produce as expected" time="0.004">
                                                 
                                               </testcase><testcase classname="org.argus.jawa.flow.summary.model.StringSuTest" name="&lt;init&gt;:(Ljava/lang/StringBuffer;)V should produce as expected" time="0.048">
                                                 
                                               </testcase><testcase classname="org.argus.jawa.flow.summary.model.StringSuTest" name="&lt;init&gt;:(Ljava/lang/StringBuilder;)V should produce as expected" time="0.003">
                                                 
                                               </testcase><testcase classname="org.argus.jawa.flow.summary.model.StringSuTest" name="&lt;init&gt;:([B)V should produce as expected" time="0.013">
                                                 
                                               </testcase><testcase classname="org.argus.jawa.flow.summary.model.StringSuTest" name="&lt;init&gt;:([BI)V should produce as expected" time="0.002">
                                                 
                                               </testcase><testcase classname="org.argus.jawa.flow.summary.model.StringSuTest" name="&lt;init&gt;:([BII)V should produce as expected" time="0.002">
                                                 
                                               </testcase><testcase classname="org.argus.jawa.flow.summary.model.StringSuTest" name="&lt;init&gt;:([BIII)V should produce as expected" time="0.002">
                                                 
                                               </testcase><testcase classname="org.argus.jawa.flow.summary.model.StringSuTest" name="&lt;init&gt;:([BIILjava/lang/String;)V should produce as expected" time="0.003">
                                                 
                                               </testcase><testcase classname="org.argus.jawa.flow.summary.model.StringSuTest" name="&lt;init&gt;:([BIILjava/nio/charset/Charset;)V should produce as expected" time="0.003">
                                                 
                                               </testcase><testcase classname="org.argus.jawa.flow.summary.model.StringSuTest" name="&lt;init&gt;:([BLjava/lang/String;)V should produce as expected" time="0.003">
                                                 
                                               </testcase><testcase classname="org.argus.jawa.flow.summary.model.StringSuTest" name="&lt;init&gt;:([BLjava/nio/charset/Charset;)V should produce as expected" time="0.004">
                                                 
                                               </testcase><testcase classname="org.argus.jawa.flow.summary.model.StringSuTest" name="&lt;init&gt;:([C)V should produce as expected" time="0.002">
                                                 
                                               </testcase><testcase classname="org.argus.jawa.flow.summary.model.StringSuTest" name="&lt;init&gt;:([CII)V should produce as expected" time="0.005">
                                                 
                                               </testcase><testcase classname="org.argus.jawa.flow.summary.model.StringSuTest" name="&lt;init&gt;:([III)V should produce as expected" time="0.003">
                                                 
                                               </testcase><testcase classname="org.argus.jawa.flow.summary.model.StringSuTest" name="copyValueOf:([C)Ljava/lang/String; should produce as expected" time="0.003">
                                                 
                                               </testcase><testcase classname="org.argus.jawa.flow.summary.model.StringSuTest" name="copyValueOf:([CII)Ljava/lang/String; should produce as expected" time="0.002">
                                                 
                                               </testcase><testcase classname="org.argus.jawa.flow.summary.model.StringSuTest" name="failedBoundsCheck:(III)Ljava/lang/StringIndexOutOfBoundsException; should produce as expected" time="0.003">
                                                 
                                               </testcase><testcase classname="org.argus.jawa.flow.summary.model.StringSuTest" name="fastIndexOf:(II)I should produce as expected" time="0.001">
                                                 
                                               </testcase><testcase classname="org.argus.jawa.flow.summary.model.StringSuTest" name="foldCase:(C)C should produce as expected" time="0.001">
                                                 
                                               </testcase><testcase classname="org.argus.jawa.flow.summary.model.StringSuTest" name="format:(Ljava/lang/String;[Ljava/lang/Object;)Ljava/lang/String; should produce as expected" time="0.004">
                                                 
                                               </testcase><testcase classname="org.argus.jawa.flow.summary.model.StringSuTest" name="format:(Ljava/util/Locale;Ljava/lang/String;[Ljava/lang/Object;)Ljava/lang/String; should produce as expected" time="0.005">
                                                 
                                               </testcase><testcase classname="org.argus.jawa.flow.summary.model.StringSuTest" name="indexAndLength:(I)Ljava/lang/StringIndexOutOfBoundsException; should produce as expected" time="0.003">
                                                 
                                               </testcase><testcase classname="org.argus.jawa.flow.summary.model.StringSuTest" name="indexOf:(Ljava/lang/String;Ljava/lang/String;IIC)I should produce as expected" time="0.001">
                                                 
                                               </testcase><testcase classname="org.argus.jawa.flow.summary.model.StringSuTest" name="indexOfSupplementary:(II)I should produce as expected" time="0.002">
                                                 
                                               </testcase><testcase classname="org.argus.jawa.flow.summary.model.StringSuTest" name="lastIndexOfSupplementary:(II)I should produce as expected" time="0.004">
                                                 
                                               </testcase><testcase classname="org.argus.jawa.flow.summary.model.StringSuTest" name="startEndAndLength:(II)Ljava/lang/StringIndexOutOfBoundsException; should produce as expected" time="0.003">
                                                 
                                               </testcase><testcase classname="org.argus.jawa.flow.summary.model.StringSuTest" name="valueOf:(C)Ljava/lang/String; should produce as expected" time="0.002">
                                                 
                                               </testcase><testcase classname="org.argus.jawa.flow.summary.model.StringSuTest" name="valueOf:(D)Ljava/lang/String; should produce as expected" time="0.001">
                                                 
                                               </testcase><testcase classname="org.argus.jawa.flow.summary.model.StringSuTest" name="valueOf:(F)Ljava/lang/String; should produce as expected" time="0.002">
                                                 
                                               </testcase><testcase classname="org.argus.jawa.flow.summary.model.StringSuTest" name="valueOf:(I)Ljava/lang/String; should produce as expected" time="0.002">
                                                 
                                               </testcase><testcase classname="org.argus.jawa.flow.summary.model.StringSuTest" name="valueOf:(J)Ljava/lang/String; should produce as expected" time="0.002">
                                                 
                                               </testcase><testcase classname="org.argus.jawa.flow.summary.model.StringSuTest" name="valueOf:(Ljava/lang/Object;)Ljava/lang/String; should produce as expected" time="0.001">
                                                 
                                               </testcase><testcase classname="org.argus.jawa.flow.summary.model.StringSuTest" name="valueOf:(Z)Ljava/lang/String; should produce as expected" time="0.003">
                                                 
                                               </testcase><testcase classname="org.argus.jawa.flow.summary.model.StringSuTest" name="valueOf:([C)Ljava/lang/String; should produce as expected" time="0.002">
                                                 
                                               </testcase><testcase classname="org.argus.jawa.flow.summary.model.StringSuTest" name="valueOf:([CII)Ljava/lang/String; should produce as expected" time="0.001">
                                                 
                                               </testcase><testcase classname="org.argus.jawa.flow.summary.model.StringSuTest" name="_getChars:(II[CI)V should produce as expected" time="0.001">
                                                 
                                               </testcase><testcase classname="org.argus.jawa.flow.summary.model.StringSuTest" name="charAt:(I)C should produce as expected" time="0.001">
                                                 
                                               </testcase><testcase classname="org.argus.jawa.flow.summary.model.StringSuTest" name="codePointAt:(I)I should produce as expected" time="0.004">
                                                 
                                               </testcase><testcase classname="org.argus.jawa.flow.summary.model.StringSuTest" name="codePointBefore:(I)I should produce as expected" time="0.0">
                                                 
                                               </testcase><testcase classname="org.argus.jawa.flow.summary.model.StringSuTest" name="codePointCount:(II)I should produce as expected" time="0.001">
                                                 
                                               </testcase><testcase classname="org.argus.jawa.flow.summary.model.StringSuTest" name="compareTo:(Ljava/lang/Object;)I should produce as expected" time="0.002">
                                                 
                                               </testcase><testcase classname="org.argus.jawa.flow.summary.model.StringSuTest" name="compareTo:(Ljava/lang/String;)I should produce as expected" time="0.0">
                                                 
                                               </testcase><testcase classname="org.argus.jawa.flow.summary.model.StringSuTest" name="compareToIgnoreCase:(Ljava/lang/String;)I should produce as expected" time="0.002">
                                                 
                                               </testcase><testcase classname="org.argus.jawa.flow.summary.model.StringSuTest" name="concat:(Ljava/lang/String;)Ljava/lang/String; should produce as expected" time="0.002">
                                                 
                                               </testcase><testcase classname="org.argus.jawa.flow.summary.model.StringSuTest" name="contains:(Ljava/lang/CharSequence;)Z should produce as expected" time="0.001">
                                                 
                                               </testcase><testcase classname="org.argus.jawa.flow.summary.model.StringSuTest" name="contentEquals:(Ljava/lang/CharSequence;)Z should produce as expected" time="0.001">
                                                 
                                               </testcase><testcase classname="org.argus.jawa.flow.summary.model.StringSuTest" name="contentEquals:(Ljava/lang/StringBuffer;)Z should produce as expected" time="0.001">
                                                 
                                               </testcase><testcase classname="org.argus.jawa.flow.summary.model.StringSuTest" name="endsWith:(Ljava/lang/String;)Z should produce as expected" time="0.001">
                                                 
                                               </testcase><testcase classname="org.argus.jawa.flow.summary.model.StringSuTest" name="equals:(Ljava/lang/Object;)Z should produce as expected" time="0.001">
                                                 
                                               </testcase><testcase classname="org.argus.jawa.flow.summary.model.StringSuTest" name="equalsIgnoreCase:(Ljava/lang/String;)Z should produce as expected" time="0.003">
                                                 
                                               </testcase><testcase classname="org.argus.jawa.flow.summary.model.StringSuTest" name="getBytes:(II[BI)V should produce as expected" time="0.003">
                                                 
                                               </testcase><testcase classname="org.argus.jawa.flow.summary.model.StringSuTest" name="getBytes:()[B should produce as expected" time="0.007">
                                                 
                                               </testcase><testcase classname="org.argus.jawa.flow.summary.model.StringSuTest" name="getBytes:(Ljava/lang/String;)[B should produce as expected" time="0.002">
                                                 
                                               </testcase><testcase classname="org.argus.jawa.flow.summary.model.StringSuTest" name="getBytes:(Ljava/nio/charset/Charset;)[B should produce as expected" time="0.002">
                                                 
                                               </testcase><testcase classname="org.argus.jawa.flow.summary.model.StringSuTest" name="getChars:(II[CI)V should produce as expected" time="0.002">
                                                 
                                               </testcase><testcase classname="org.argus.jawa.flow.summary.model.StringSuTest" name="hashCode:()I should produce as expected" time="0.001">
                                                 
                                               </testcase><testcase classname="org.argus.jawa.flow.summary.model.StringSuTest" name="indexOf:(I)I should produce as expected" time="0.0">
                                                 
                                               </testcase><testcase classname="org.argus.jawa.flow.summary.model.StringSuTest" name="indexOf:(II)I should produce as expected" time="0.001">
                                                 
                                               </testcase><testcase classname="org.argus.jawa.flow.summary.model.StringSuTest" name="indexOf:(Ljava/lang/String;)I should produce as expected" time="0.001">
                                                 
                                               </testcase><testcase classname="org.argus.jawa.flow.summary.model.StringSuTest" name="indexOf:(Ljava/lang/String;I)I should produce as expected" time="0.001">
                                                 
                                               </testcase><testcase classname="org.argus.jawa.flow.summary.model.StringSuTest" name="intern:()Ljava/lang/String; should produce as expected" time="0.006">
                                                 
                                               </testcase><testcase classname="org.argus.jawa.flow.summary.model.StringSuTest" name="isEmpty:()Z should produce as expected" time="0.001">
                                                 
                                               </testcase><testcase classname="org.argus.jawa.flow.summary.model.StringSuTest" name="lastIndexOf:(I)I should produce as expected" time="0.0">
                                                 
                                               </testcase><testcase classname="org.argus.jawa.flow.summary.model.StringSuTest" name="lastIndexOf:(II)I should produce as expected" time="0.001">
                                                 
                                               </testcase><testcase classname="org.argus.jawa.flow.summary.model.StringSuTest" name="lastIndexOf:(Ljava/lang/String;)I should produce as expected" time="0.001">
                                                 
                                               </testcase><testcase classname="org.argus.jawa.flow.summary.model.StringSuTest" name="lastIndexOf:(Ljava/lang/String;I)I should produce as expected" time="0.001">
                                                 
                                               </testcase><testcase classname="org.argus.jawa.flow.summary.model.StringSuTest" name="length:()I should produce as expected" time="0.001">
                                                 
                                               </testcase><testcase classname="org.argus.jawa.flow.summary.model.StringSuTest" name="matches:(Ljava/lang/String;)Z should produce as expected" time="0.001">
                                                 
                                               </testcase><testcase classname="org.argus.jawa.flow.summary.model.StringSuTest" name="offsetByCodePoints:(II)I should produce as expected" time="0.001">
                                                 
                                               </testcase><testcase classname="org.argus.jawa.flow.summary.model.StringSuTest" name="regionMatches:(ILjava/lang/String;II)Z should produce as expected" time="0.001">
                                                 
                                               </testcase><testcase classname="org.argus.jawa.flow.summary.model.StringSuTest" name="regionMatches:(ZILjava/lang/String;II)Z should produce as expected" time="0.001">
                                                 
                                               </testcase><testcase classname="org.argus.jawa.flow.summary.model.StringSuTest" name="replace:(CC)Ljava/lang/String; should produce as expected" time="0.084">
                                                 
                                               </testcase><testcase classname="org.argus.jawa.flow.summary.model.StringSuTest" name="replace:(Ljava/lang/CharSequence;Ljava/lang/CharSequence;)Ljava/lang/String; should produce as expected" time="0.002">
                                                 
                                               </testcase><testcase classname="org.argus.jawa.flow.summary.model.StringSuTest" name="replaceAll:(Ljava/lang/String;Ljava/lang/String;)Ljava/lang/String; should produce as expected" time="0.003">
                                                 
                                               </testcase><testcase classname="org.argus.jawa.flow.summary.model.StringSuTest" name="replaceFirst:(Ljava/lang/String;Ljava/lang/String;)Ljava/lang/String; should produce as expected" time="0.004">
                                                 
                                               </testcase><testcase classname="org.argus.jawa.flow.summary.model.StringSuTest" name="split:(Ljava/lang/String;)[Ljava/lang/String; should produce as expected" time="0.003">
                                                 
                                               </testcase><testcase classname="org.argus.jawa.flow.summary.model.StringSuTest" name="split:(Ljava/lang/String;I)[Ljava/lang/String; should produce as expected" time="0.002">
                                                 
                                               </testcase><testcase classname="org.argus.jawa.flow.summary.model.StringSuTest" name="startsWith:(Ljava/lang/String;)Z should produce as expected" time="0.001">
                                                 
                                               </testcase><testcase classname="org.argus.jawa.flow.summary.model.StringSuTest" name="startsWith:(Ljava/lang/String;I)Z should produce as expected" time="0.001">
                                                 
                                               </testcase><testcase classname="org.argus.jawa.flow.summary.model.StringSuTest" name="subSequence:(II)Ljava/lang/CharSequence; should produce as expected" time="0.002">
                                                 
                                               </testcase><testcase classname="org.argus.jawa.flow.summary.model.StringSuTest" name="substring:(I)Ljava/lang/String; should produce as expected" time="0.002">
                                                 
                                               </testcase><testcase classname="org.argus.jawa.flow.summary.model.StringSuTest" name="substring:(II)Ljava/lang/String; should produce as expected" time="0.002">
                                                 
                                               </testcase><testcase classname="org.argus.jawa.flow.summary.model.StringSuTest" name="toCharArray:()[C should produce as expected" time="0.002">
                                                 
                                               </testcase><testcase classname="org.argus.jawa.flow.summary.model.StringSuTest" name="toLowerCase:()Ljava/lang/String; should produce as expected" time="0.005">
                                                 
                                               </testcase><testcase classname="org.argus.jawa.flow.summary.model.StringSuTest" name="toLowerCase:(Ljava/util/Locale;)Ljava/lang/String; should produce as expected" time="0.003">
                                                 
                                               </testcase><testcase classname="org.argus.jawa.flow.summary.model.StringSuTest" name="toString:()Ljava/lang/String; should produce as expected" time="0.002">
                                                 
                                               </testcase><testcase classname="org.argus.jawa.flow.summary.model.StringSuTest" name="toUpperCase:()Ljava/lang/String; should produce as expected" time="0.003">
                                                 
                                               </testcase><testcase classname="org.argus.jawa.flow.summary.model.StringSuTest" name="toUpperCase:(Ljava/util/Locale;)Ljava/lang/String; should produce as expected" time="0.002">
                                                 
                                               </testcase><testcase classname="org.argus.jawa.flow.summary.model.StringSuTest" name="trim:()Ljava/lang/String; should produce as expected" time="0.01">
                                                 
                                               </testcase>
                     <system-out><![CDATA[]]></system-out>
                     <system-err><![CDATA[]]></system-err>
                   </testsuite>