<?xml version='1.0' encoding='UTF-8'?>
<testsuite hostname="Samins-MacBook-Pro.local" name="org.argus.jawa.core.compiler.codegen.JawaCodegenTest" tests="25" errors="0" failures="0" skipped="0" time="0.21" timestamp="2021-04-10T02:33:22">
                     <properties>
[...]
</properties>
                     <testcase classname="org.argus.jawa.core.compiler.codegen.JawaCodegenTest" name="Generate code should not throw an exception on ArrayAccess1" time="0.005">
                                                 
                                               </testcase><testcase classname="org.argus.jawa.core.compiler.codegen.JawaCodegenTest" name="Generate code should not throw an exception on ArrayAccess2" time="0.004">
                                                 
                                               </testcase><testcase classname="org.argus.jawa.core.compiler.codegen.JawaCodegenTest" name="Generate code should not throw an exception on ArrayAccess3" time="0.007">
                                                 
                                               </testcase><testcase classname="org.argus.jawa.core.compiler.codegen.JawaCodegenTest" name="Generate code should not throw an exception on ArrayCopy" time="0.005">
                                                 
                                               </testcase><testcase classname="org.argus.jawa.core.compiler.codegen.JawaCodegenTest" name="Generate code should not throw an exception on ArrayFill1" time="0.009">
                                                 
                                               </testcase><testcase classname="org.argus.jawa.core.compiler.codegen.JawaCodegenTest" name="Generate code should not throw an exception on ArrayFill2" time="0.015">
                                                 
                                               </testcase><testcase classname="org.argus.jawa.core.compiler.codegen.JawaCodegenTest" name="Generate code should not throw an exception on ArrayLength1" time="0.015">
                                                 
                                               </testcase><testcase classname="org.argus.jawa.core.compiler.codegen.JawaCodegenTest" name="Generate code should not throw an exception on Cmp1" time="0.003">
                                                 
                                               </testcase><testcase classname="org.argus.jawa.core.compiler.codegen.JawaCodegenTest" name="Generate code should not throw an exception on Cmp2" time="0.005">
                                                 
                                               </testcase><testcase classname="org.argus.jawa.core.compiler.codegen.JawaCodegenTest" name="Generate code should not throw an exception on ConstClass1" time="0.004">
                                                 
                                               </testcase><testcase classname="org.argus.jawa.core.compiler.codegen.JawaCodegenTest" name="Generate code should not throw an exception on ConstClass2" time="0.012">
                                                 
                                               </testcase><testcase classname="org.argus.jawa.core.compiler.codegen.JawaCodegenTest" name="Generate code should not throw an exception on DoubleLong1" time="0.009">
                                                 
                                               </testcase><testcase classname="org.argus.jawa.core.compiler.codegen.JawaCodegenTest" name="Generate code should not throw an exception on Exceptions1" time="0.008">
                                                 
                                               </testcase><testcase classname="org.argus.jawa.core.compiler.codegen.JawaCodegenTest" name="Generate code should not throw an exception on Exceptions2" time="0.008">
                                                 
                                               </testcase><testcase classname="org.argus.jawa.core.compiler.codegen.JawaCodegenTest" name="Generate code should not throw an exception on Exceptions3" time="0.007">
                                                 
                                               </testcase><testcase classname="org.argus.jawa.core.compiler.codegen.JawaCodegenTest" name="Generate code should throw an exception on Exceptions4" time="0.007">
                                                 
                                               </testcase><testcase classname="org.argus.jawa.core.compiler.codegen.JawaCodegenTest" name="Generate code should not throw an exception on FieldAccess1" time="0.017">
                                                 
                                               </testcase><testcase classname="org.argus.jawa.core.compiler.codegen.JawaCodegenTest" name="Generate code should not throw an exception on FieldAccess2" time="0.02">
                                                 
                                               </testcase><testcase classname="org.argus.jawa.core.compiler.codegen.JawaCodegenTest" name="Generate code should not throw an exception on InstanceOf1" time="0.003">
                                                 
                                               </testcase><testcase classname="org.argus.jawa.core.compiler.codegen.JawaCodegenTest" name="Generate code should not throw an exception on InstanceOf2" time="0.003">
                                                 
                                               </testcase><testcase classname="org.argus.jawa.core.compiler.codegen.JawaCodegenTest" name="Generate code should not throw an exception on IfJump1" time="0.005">
                                                 
                                               </testcase><testcase classname="org.argus.jawa.core.compiler.codegen.JawaCodegenTest" name="Generate code should not throw an exception on IfJump2" time="0.006">
                                                 
                                               </testcase><testcase classname="org.argus.jawa.core.compiler.codegen.JawaCodegenTest" name="Generate code should not throw an exception on SwitchJump1" time="0.006">
                                                 
                                               </testcase><testcase classname="org.argus.jawa.core.compiler.codegen.JawaCodegenTest" name="Generate code should not throw an exception on SwitchJump2" time="0.024">
                                                 
                                               </testcase><testcase classname="org.argus.jawa.core.compiler.codegen.JawaCodegenTest" name="Generate code should not throw an exception on IJawa" time="0.003">
                                                 
                                               </testcase>
                     <system-out><![CDATA[]]></system-out>
                     <system-err><![CDATA[]]></system-err>
                   </testsuite>