<?xml version='1.0' encoding='UTF-8'?>
<testsuite hostname="Samins-MacBook-Pro.local" name="org.argus.jawa.flow.summary.model.SetSuTest" tests="8" errors="0" failures="0" skipped="0" time="0.017" timestamp="2021-04-10T02:33:22">
                     <properties>
[...]
</properties>
                     <testcase classname="org.argus.jawa.flow.summary.model.SetSuTest" name="add:(Ljava/lang/Object;)Z should produce as expected" time="0.001">
                                                 
                                               </testcase><testcase classname="org.argus.jawa.flow.summary.model.SetSuTest" name="clear:()V should produce as expected" time="0.001">
                                                 
                                               </testcase><testcase classname="org.argus.jawa.flow.summary.model.SetSuTest" name="clone:()Ljava/lang/Object; should produce as expected" time="0.0">
                                                 
                                               </testcase><testcase classname="org.argus.jawa.flow.summary.model.SetSuTest" name="contains:(Ljava/lang/Object;)Z should produce as expected" time="0.001">
                                                 
                                               </testcase><testcase classname="org.argus.jawa.flow.summary.model.SetSuTest" name="isEmpty:()Z should produce as expected" time="0.001">
                                                 
                                               </testcase><testcase classname="org.argus.jawa.flow.summary.model.SetSuTest" name="iterator:()Ljava/util/Iterator; should produce as expected" time="0.011">
                                                 
                                               </testcase><testcase classname="org.argus.jawa.flow.summary.model.SetSuTest" name="remove:(Ljava/lang/Object;)Z should produce as expected" time="0.001">
                                                 
                                               </testcase><testcase classname="org.argus.jawa.flow.summary.model.SetSuTest" name="size:()I should produce as expected" time="0.001">
                                                 
                                               </testcase>
                     <system-out><![CDATA[]]></system-out>
                     <system-err><![CDATA[]]></system-err>
                   </testsuite>