<?xml version='1.0' encoding='UTF-8'?>
<testsuite hostname="Samins-MacBook-Pro.local" name="org.argus.jawa.flow.summary.model.ThreadSuTest" tests="50" errors="0" failures="0" skipped="0" time="0.174" timestamp="2021-04-10T02:33:14">
                     <properties>
[...]
</properties>
                     <testcase classname="org.argus.jawa.flow.summary.model.ThreadSuTest" name="&lt;init&gt;:()V should produce as expected" time="0.001">
                                                 
                                               </testcase><testcase classname="org.argus.jawa.flow.summary.model.ThreadSuTest" name="&lt;init&gt;:(Ljava/lang/Runnable;)V should produce as expected" time="0.002">
                                                 
                                               </testcase><testcase classname="org.argus.jawa.flow.summary.model.ThreadSuTest" name="&lt;init&gt;:(Ljava/lang/Runnable;Ljava/lang/String;)V should produce as expected" time="0.017">
                                                 
                                               </testcase><testcase classname="org.argus.jawa.flow.summary.model.ThreadSuTest" name="&lt;init&gt;:(Ljava/lang/String;)V should produce as expected" time="0.002">
                                                 
                                               </testcase><testcase classname="org.argus.jawa.flow.summary.model.ThreadSuTest" name="&lt;init&gt;:(Ljava/lang/ThreadGroup;Ljava/lang/Runnable;Ljava/lang/String;)V should produce as expected" time="0.006">
                                                 
                                               </testcase><testcase classname="org.argus.jawa.flow.summary.model.ThreadSuTest" name="&lt;init&gt;:(Ljava/lang/ThreadGroup;Ljava/lang/Runnable;Ljava/lang/String;J)V should produce as expected" time="0.007">
                                                 
                                               </testcase><testcase classname="org.argus.jawa.flow.summary.model.ThreadSuTest" name="&lt;init&gt;:(Ljava/lang/ThreadGroup;Ljava/lang/String;)V should produce as expected" time="0.006">
                                                 
                                               </testcase><testcase classname="org.argus.jawa.flow.summary.model.ThreadSuTest" name="activeCount:()I should produce as expected" time="0.0">
                                                 
                                               </testcase><testcase classname="org.argus.jawa.flow.summary.model.ThreadSuTest" name="checkAccess:()V should produce as expected" time="0.0">
                                                 
                                               </testcase><testcase classname="org.argus.jawa.flow.summary.model.ThreadSuTest" name="clone:()Ljava/lang/Object; should produce as expected" time="0.002">
                                                 
                                               </testcase><testcase classname="org.argus.jawa.flow.summary.model.ThreadSuTest" name="countStackFrames:()I should produce as expected" time="0.001">
                                                 
                                               </testcase><testcase classname="org.argus.jawa.flow.summary.model.ThreadSuTest" name="currentThread:()Ljava/lang/Thread; should produce as expected" time="0.001">
                                                 
                                               </testcase><testcase classname="org.argus.jawa.flow.summary.model.ThreadSuTest" name="destroy:()V should produce as expected" time="0.0">
                                                 
                                               </testcase><testcase classname="org.argus.jawa.flow.summary.model.ThreadSuTest" name="dumpStack:()V should produce as expected" time="0.001">
                                                 
                                               </testcase><testcase classname="org.argus.jawa.flow.summary.model.ThreadSuTest" name="enumerate:([Ljava/lang/Thread;)I should produce as expected" time="0.0">
                                                 
                                               </testcase><testcase classname="org.argus.jawa.flow.summary.model.ThreadSuTest" name="getAllStackTraces:()Ljava/util/Map; should produce as expected" time="0.044">
                                                 
                                               </testcase><testcase classname="org.argus.jawa.flow.summary.model.ThreadSuTest" name="getContextClassLoader:()Ljava/lang/ClassLoader; should produce as expected" time="0.002">
                                                 
                                               </testcase><testcase classname="org.argus.jawa.flow.summary.model.ThreadSuTest" name="getDefaultUncaughtExceptionHandler:()Ljava/lang/Thread$UncaughtExceptionHandler; should produce as expected" time="0.003">
                                                 
                                               </testcase><testcase classname="org.argus.jawa.flow.summary.model.ThreadSuTest" name="getId:()J should produce as expected" time="0.006">
                                                 
                                               </testcase><testcase classname="org.argus.jawa.flow.summary.model.ThreadSuTest" name="getName:()Ljava/lang/String; should produce as expected" time="0.002">
                                                 
                                               </testcase><testcase classname="org.argus.jawa.flow.summary.model.ThreadSuTest" name="getPriority:()I should produce as expected" time="0.001">
                                                 
                                               </testcase><testcase classname="org.argus.jawa.flow.summary.model.ThreadSuTest" name="getStackTrace:()[Ljava/lang/StackTraceElement; should produce as expected" time="0.023">
                                                 
                                               </testcase><testcase classname="org.argus.jawa.flow.summary.model.ThreadSuTest" name="getState:()Ljava/lang/Thread$State; should produce as expected" time="0.006">
                                                 
                                               </testcase><testcase classname="org.argus.jawa.flow.summary.model.ThreadSuTest" name="getThreadGroup:()Ljava/lang/ThreadGroup; should produce as expected" time="0.004">
                                                 
                                               </testcase><testcase classname="org.argus.jawa.flow.summary.model.ThreadSuTest" name="getUncaughtExceptionHandler:()Ljava/lang/Thread$UncaughtExceptionHandler; should produce as expected" time="0.003">
                                                 
                                               </testcase><testcase classname="org.argus.jawa.flow.summary.model.ThreadSuTest" name="holdsLock:(Ljava/lang/Object;)Z should produce as expected" time="0.001">
                                                 
                                               </testcase><testcase classname="org.argus.jawa.flow.summary.model.ThreadSuTest" name="interrupt:()V should produce as expected" time="0.001">
                                                 
                                               </testcase><testcase classname="org.argus.jawa.flow.summary.model.ThreadSuTest" name="interrupted:()Z should produce as expected" time="0.0">
                                                 
                                               </testcase><testcase classname="org.argus.jawa.flow.summary.model.ThreadSuTest" name="isAlive:()Z should produce as expected" time="0.001">
                                                 
                                               </testcase><testcase classname="org.argus.jawa.flow.summary.model.ThreadSuTest" name="isDaemon:()Z should produce as expected" time="0.0">
                                                 
                                               </testcase><testcase classname="org.argus.jawa.flow.summary.model.ThreadSuTest" name="isInterrupted:()Z should produce as expected" time="0.0">
                                                 
                                               </testcase><testcase classname="org.argus.jawa.flow.summary.model.ThreadSuTest" name="join:()V should produce as expected" time="0.0">
                                                 
                                               </testcase><testcase classname="org.argus.jawa.flow.summary.model.ThreadSuTest" name="join:(J)V should produce as expected" time="0.001">
                                                 
                                               </testcase><testcase classname="org.argus.jawa.flow.summary.model.ThreadSuTest" name="join:(JI)V should produce as expected" time="0.0">
                                                 
                                               </testcase><testcase classname="org.argus.jawa.flow.summary.model.ThreadSuTest" name="resume:()V should produce as expected" time="0.0">
                                                 
                                               </testcase><testcase classname="org.argus.jawa.flow.summary.model.ThreadSuTest" name="run:()V should produce as expected" time="0.001">
                                                 
                                               </testcase><testcase classname="org.argus.jawa.flow.summary.model.ThreadSuTest" name="setContextClassLoader:(Ljava/lang/ClassLoader;)V should produce as expected" time="0.002">
                                                 
                                               </testcase><testcase classname="org.argus.jawa.flow.summary.model.ThreadSuTest" name="setDaemon:(Z)V should produce as expected" time="0.0">
                                                 
                                               </testcase><testcase classname="org.argus.jawa.flow.summary.model.ThreadSuTest" name="setDefaultUncaughtExceptionHandler:(Ljava/lang/Thread$UncaughtExceptionHandler;)V should produce as expected" time="0.014">
                                                 
                                               </testcase><testcase classname="org.argus.jawa.flow.summary.model.ThreadSuTest" name="setName:(Ljava/lang/String;)V should produce as expected" time="0.002">
                                                 
                                               </testcase><testcase classname="org.argus.jawa.flow.summary.model.ThreadSuTest" name="setPriority:(I)V should produce as expected" time="0.0">
                                                 
                                               </testcase><testcase classname="org.argus.jawa.flow.summary.model.ThreadSuTest" name="setUncaughtExceptionHandler:(Ljava/lang/Thread$UncaughtExceptionHandler;)V should produce as expected" time="0.003">
                                                 
                                               </testcase><testcase classname="org.argus.jawa.flow.summary.model.ThreadSuTest" name="sleep:(J)V should produce as expected" time="0.0">
                                                 
                                               </testcase><testcase classname="org.argus.jawa.flow.summary.model.ThreadSuTest" name="sleep:(JI)V should produce as expected" time="0.002">
                                                 
                                               </testcase><testcase classname="org.argus.jawa.flow.summary.model.ThreadSuTest" name="start:()V should produce as expected" time="0.001">
                                                 
                                               </testcase><testcase classname="org.argus.jawa.flow.summary.model.ThreadSuTest" name="stop:()V should produce as expected" time="0.001">
                                                 
                                               </testcase><testcase classname="org.argus.jawa.flow.summary.model.ThreadSuTest" name="stop:(Ljava/lang/Throwable;)V should produce as expected" time="0.0">
                                                 
                                               </testcase><testcase classname="org.argus.jawa.flow.summary.model.ThreadSuTest" name="suspend:()V should produce as expected" time="0.001">
                                                 
                                               </testcase><testcase classname="org.argus.jawa.flow.summary.model.ThreadSuTest" name="toString:()Ljava/lang/String; should produce as expected" time="0.002">
                                                 
                                               </testcase><testcase classname="org.argus.jawa.flow.summary.model.ThreadSuTest" name="yield:()V should produce as expected" time="0.001">
                                                 
                                               </testcase>
                     <system-out><![CDATA[]]></system-out>
                     <system-err><![CDATA[]]></system-err>
                   </testsuite>